<?xml version="1.0" encoding="UTF-8"?>
<!-- Generated by org.testng.reporters.JUnitReportReporter -->
<testsuite hostname="EC2AMAZ-S11DBRH" failures="0" tests="2" name="runner.Addparam" time="0.138" errors="0" timestamp="2024-02-12T05:19:33 GMT" skipped="0">
  <testcase classname="runner.Addparam" name="runScenario" time="0.128"/>
  <testcase classname="runner.Addparam" name="runScenario" time="0.010"/>
</testsuite> <!-- runner.Addparam -->
