<?xml version="1.0" encoding="UTF-8"?>
<!-- Generated by org.testng.reporters.JUnitReportReporter -->
<testsuite hostname="EC2AMAZ-S11DBRH" failures="0" tests="3" name="runner.ShoppingcartRunner" time="0.142" errors="0" timestamp="2024-02-12T06:43:13 GMT" skipped="0">
  <testcase classname="runner.ShoppingcartRunner" name="runScenario" time="0.011"/>
  <testcase classname="runner.ShoppingcartRunner" name="runScenario" time="0.009"/>
  <testcase classname="runner.ShoppingcartRunner" name="runScenario" time="0.122"/>
</testsuite> <!-- runner.ShoppingcartRunner -->
